Arguments: 
  C:\Program Files\nodejs\node.exe C:\Users\cash\AppData\Local\node\corepack\yarn\1.22.19\bin\yarn.js install

PATH: 
  C:\Program Files\Common Files\Oracle\Java\javapath;C:\Windows\system32;C:\Windows;C:\Windows\System32\Wbem;C:\Windows\System32\WindowsPowerShell\v1.0\;C:\Windows\System32\OpenSSH\;C:\Program Files (x86)\NVIDIA Corporation\PhysX\Common;C:\Program Files\dotnet\;C:\WINDOWS\system32;C:\WINDOWS;C:\WINDOWS\System32\Wbem;C:\WINDOWS\System32\WindowsPowerShell\v1.0\;C:\WINDOWS\System32\OpenSSH\;C:\Program Files\NVIDIA Corporation\NVIDIA NvDLISR;C:\Program Files\nodejs\;C:\Program Files\PuTTY\;C:\xampp\php;C:\Program Files\Docker\Docker\resources\bin;C:\ProgramData\ComposerSetup\bin;C:\Program Files\AutoFirma\AutoFirma;C:\Users\cash\AppData\Local\Microsoft\WindowsApps;C:\Users\cash\AppData\Local\Programs\Microsoft VS Code\bin;C:\Users\cash\.dotnet\tools;C:\Users\cash\AppData\Roaming\npm;C:\xampp\php;C:\Users\cash\AppData\Roaming\Composer\vendor\bin

Yarn version: 
  1.22.19

Node version: 
  18.9.0

Platform: 
  win32 x64

Trace: 
  Error: UNKNOWN: unknown error, copyfile 'C:\Users\cash\AppData\Local\Yarn\Cache\v6\npm-rxjs-7.8.0-90a938862a82888ff4c7359811a595e14e1e09a4-integrity\node_modules\rxjs\dist\esm\internal\observable\forkJoin.js.map' -> 'C:\Users\cash\Documents\CFGS App web\Ciclo Formativo 2\Desarrollo Web Entorno Cliente\Unidad 8\PokeForm\node_modules\rxjs\dist\esm\internal\observable\forkJoin.js.map'

npm manifest: 
  {
    "name": "my-webpack-project",
    "version": "1.0.0",
    "description": "My webpack project",
    "main": "index.js",
    "keywords": [],
    "author": "",
    "license": "ISC",
    "scripts": {
      "clean": "rm dist/bundle.js",
      "build-dev": "webpack --mode development",
      "build-prod": "webpack --mode production",
      "build": "webpack --mode=production --node-env=production",
      "build:dev": "webpack --mode=development",
      "build:prod": "webpack --mode=production --node-env=production",
      "watch": "webpack --watch",
      "serve": "webpack serve",
      "start": "webpack-dev-server --mode development --open --port 8888"
    },
    "dependencies": {
      "react": "^18.2.0",
      "react-dom": "^18.2.0"
    },
    "devDependencies": {
      "@babel/core": "^7.20.12",
      "@babel/preset-env": "^7.20.2",
      "@babel/preset-react": "^7.18.6",
      "@webpack-cli/generators": "^3.0.1",
      "autoprefixer": "^10.4.13",
      "babel-loader": "^9.1.2",
      "css-loader": "^6.7.3",
      "eslint": "^8.32.0",
      "eslint-plugin-react": "^7.32.1",
      "html-webpack-plugin": "^5.5.0",
      "mini-css-extract-plugin": "^2.7.2",
      "postcss-loader": "^7.0.2",
      "style-loader": "^3.3.1",
      "webpack": "^5.75.0",
      "webpack-cli": "^5.0.1",
      "webpack-dev-server": "^4.11.1"
    }
  }

yarn manifest: 
  No manifest

Lockfile: 
  No lockfile
